mode: set
gitlab.com/sukharnikov.aa/mail-service-task/internal/adapters/mail/mail.go:16.72,26.2 4 0
gitlab.com/sukharnikov.aa/mail-service-task/internal/adapters/mail/mail.go:28.43,32.2 1 0
gitlab.com/sukharnikov.aa/mail-service-task/internal/adapters/mail/mail.go:34.82,38.2 3 0
gitlab.com/sukharnikov.aa/mail-service-task/internal/adapters/mail/mail.go:40.76,44.2 3 0
gitlab.com/sukharnikov.aa/mail-service-task/internal/adapters/http/middlewares.go:21.70,22.46 1 0
gitlab.com/sukharnikov.aa/mail-service-task/internal/adapters/http/middlewares.go:22.46,23.72 1 0
gitlab.com/sukharnikov.aa/mail-service-task/internal/adapters/http/middlewares.go:23.72,27.18 3 0
gitlab.com/sukharnikov.aa/mail-service-task/internal/adapters/http/middlewares.go:34.4,36.40 3 0
gitlab.com/sukharnikov.aa/mail-service-task/internal/adapters/http/middlewares.go:46.4,50.18 2 0
gitlab.com/sukharnikov.aa/mail-service-task/internal/adapters/http/middlewares.go:57.4,57.49 1 0
gitlab.com/sukharnikov.aa/mail-service-task/internal/adapters/http/middlewares.go:74.4,76.41 3 0
gitlab.com/sukharnikov.aa/mail-service-task/internal/adapters/http/middlewares.go:27.18,33.5 3 0
gitlab.com/sukharnikov.aa/mail-service-task/internal/adapters/http/middlewares.go:36.40,38.5 1 0
gitlab.com/sukharnikov.aa/mail-service-task/internal/adapters/http/middlewares.go:38.10,38.25 1 0
gitlab.com/sukharnikov.aa/mail-service-task/internal/adapters/http/middlewares.go:38.25,44.5 3 0
gitlab.com/sukharnikov.aa/mail-service-task/internal/adapters/http/middlewares.go:50.18,56.5 3 0
gitlab.com/sukharnikov.aa/mail-service-task/internal/adapters/http/middlewares.go:57.49,63.5 3 0
gitlab.com/sukharnikov.aa/mail-service-task/internal/adapters/http/middlewares.go:63.10,63.58 1 0
gitlab.com/sukharnikov.aa/mail-service-task/internal/adapters/http/middlewares.go:63.58,72.5 2 0
gitlab.com/sukharnikov.aa/mail-service-task/internal/adapters/http/middlewares.go:81.73,82.46 1 0
gitlab.com/sukharnikov.aa/mail-service-task/internal/adapters/http/middlewares.go:82.46,83.72 1 0
gitlab.com/sukharnikov.aa/mail-service-task/internal/adapters/http/middlewares.go:83.72,90.4 5 0
gitlab.com/sukharnikov.aa/mail-service-task/internal/adapters/http/server.go:24.71,31.16 4 0
gitlab.com/sukharnikov.aa/mail-service-task/internal/adapters/http/server.go:34.2,40.16 4 0
gitlab.com/sukharnikov.aa/mail-service-task/internal/adapters/http/server.go:31.16,33.3 1 0
gitlab.com/sukharnikov.aa/mail-service-task/internal/adapters/http/server.go:43.29,45.2 1 0
gitlab.com/sukharnikov.aa/mail-service-task/internal/adapters/http/server.go:47.32,48.44 1 0
gitlab.com/sukharnikov.aa/mail-service-task/internal/adapters/http/server.go:51.2,51.12 1 0
gitlab.com/sukharnikov.aa/mail-service-task/internal/adapters/http/server.go:48.44,50.3 1 0
gitlab.com/sukharnikov.aa/mail-service-task/internal/adapters/http/server.go:54.50,56.2 1 0
gitlab.com/sukharnikov.aa/mail-service-task/internal/adapters/http/server.go:58.40,70.2 8 0
gitlab.com/sukharnikov.aa/mail-service-task/internal/adapters/http/task.go:16.46,28.2 7 0
gitlab.com/sukharnikov.aa/mail-service-task/internal/adapters/http/task.go:30.74,40.2 4 0
gitlab.com/sukharnikov.aa/mail-service-task/internal/adapters/http/task.go:48.69,52.16 4 0
gitlab.com/sukharnikov.aa/mail-service-task/internal/adapters/http/task.go:60.2,61.9 2 0
gitlab.com/sukharnikov.aa/mail-service-task/internal/adapters/http/task.go:68.2,76.16 3 0
gitlab.com/sukharnikov.aa/mail-service-task/internal/adapters/http/task.go:83.2,86.4 2 0
gitlab.com/sukharnikov.aa/mail-service-task/internal/adapters/http/task.go:52.16,58.3 3 0
gitlab.com/sukharnikov.aa/mail-service-task/internal/adapters/http/task.go:61.9,67.3 3 0
gitlab.com/sukharnikov.aa/mail-service-task/internal/adapters/http/task.go:76.16,82.3 3 0
gitlab.com/sukharnikov.aa/mail-service-task/internal/adapters/http/task.go:89.66,93.19 3 0
gitlab.com/sukharnikov.aa/mail-service-task/internal/adapters/http/task.go:101.2,102.16 2 0
gitlab.com/sukharnikov.aa/mail-service-task/internal/adapters/http/task.go:109.2,109.19 1 0
gitlab.com/sukharnikov.aa/mail-service-task/internal/adapters/http/task.go:117.2,118.16 2 0
gitlab.com/sukharnikov.aa/mail-service-task/internal/adapters/http/task.go:125.2,127.15 3 0
gitlab.com/sukharnikov.aa/mail-service-task/internal/adapters/http/task.go:93.19,99.3 3 0
gitlab.com/sukharnikov.aa/mail-service-task/internal/adapters/http/task.go:102.16,108.3 3 0
gitlab.com/sukharnikov.aa/mail-service-task/internal/adapters/http/task.go:109.19,115.3 3 0
gitlab.com/sukharnikov.aa/mail-service-task/internal/adapters/http/task.go:118.16,124.3 3 0
gitlab.com/sukharnikov.aa/mail-service-task/internal/adapters/http/task.go:136.69,139.19 3 0
gitlab.com/sukharnikov.aa/mail-service-task/internal/adapters/http/task.go:146.2,148.16 3 0
gitlab.com/sukharnikov.aa/mail-service-task/internal/adapters/http/task.go:156.2,157.9 2 0
gitlab.com/sukharnikov.aa/mail-service-task/internal/adapters/http/task.go:164.2,172.16 3 0
gitlab.com/sukharnikov.aa/mail-service-task/internal/adapters/http/task.go:179.2,181.4 1 0
gitlab.com/sukharnikov.aa/mail-service-task/internal/adapters/http/task.go:139.19,145.3 3 0
gitlab.com/sukharnikov.aa/mail-service-task/internal/adapters/http/task.go:148.16,154.3 3 0
gitlab.com/sukharnikov.aa/mail-service-task/internal/adapters/http/task.go:157.9,163.3 3 0
gitlab.com/sukharnikov.aa/mail-service-task/internal/adapters/http/task.go:172.16,178.3 3 0
gitlab.com/sukharnikov.aa/mail-service-task/internal/adapters/http/task.go:184.69,188.19 3 0
gitlab.com/sukharnikov.aa/mail-service-task/internal/adapters/http/task.go:196.2,197.9 2 0
gitlab.com/sukharnikov.aa/mail-service-task/internal/adapters/http/task.go:204.2,207.16 3 0
gitlab.com/sukharnikov.aa/mail-service-task/internal/adapters/http/task.go:214.2,214.59 1 0
gitlab.com/sukharnikov.aa/mail-service-task/internal/adapters/http/task.go:188.19,194.3 3 0
gitlab.com/sukharnikov.aa/mail-service-task/internal/adapters/http/task.go:197.9,203.3 3 0
gitlab.com/sukharnikov.aa/mail-service-task/internal/adapters/http/task.go:207.16,213.3 3 0
gitlab.com/sukharnikov.aa/mail-service-task/internal/adapters/http/task.go:217.57,218.2 0 0
gitlab.com/sukharnikov.aa/mail-service-task/internal/adapters/http/task.go:220.75,224.19 3 0
gitlab.com/sukharnikov.aa/mail-service-task/internal/adapters/http/task.go:231.2,233.35 3 0
gitlab.com/sukharnikov.aa/mail-service-task/internal/adapters/http/task.go:241.2,242.16 2 0
gitlab.com/sukharnikov.aa/mail-service-task/internal/adapters/http/task.go:249.2,249.59 1 0
gitlab.com/sukharnikov.aa/mail-service-task/internal/adapters/http/task.go:224.19,230.3 3 0
gitlab.com/sukharnikov.aa/mail-service-task/internal/adapters/http/task.go:233.35,239.3 3 0
gitlab.com/sukharnikov.aa/mail-service-task/internal/adapters/http/task.go:242.16,248.3 3 0
gitlab.com/sukharnikov.aa/mail-service-task/internal/adapters/auth_grpc/client.go:20.47,24.2 1 0
gitlab.com/sukharnikov.aa/mail-service-task/internal/adapters/auth_grpc/client.go:26.77,36.2 4 0
gitlab.com/sukharnikov.aa/mail-service-task/internal/adapters/auth_grpc/client.go:38.112,45.16 6 0
gitlab.com/sukharnikov.aa/mail-service-task/internal/adapters/auth_grpc/client.go:49.2,59.16 5 0
gitlab.com/sukharnikov.aa/mail-service-task/internal/adapters/auth_grpc/client.go:64.2,71.23 3 0
gitlab.com/sukharnikov.aa/mail-service-task/internal/adapters/auth_grpc/client.go:85.2,85.25 1 0
gitlab.com/sukharnikov.aa/mail-service-task/internal/adapters/auth_grpc/client.go:45.16,48.3 2 0
gitlab.com/sukharnikov.aa/mail-service-task/internal/adapters/auth_grpc/client.go:59.16,62.3 2 0
gitlab.com/sukharnikov.aa/mail-service-task/internal/adapters/auth_grpc/client.go:71.23,74.3 2 0
gitlab.com/sukharnikov.aa/mail-service-task/internal/adapters/auth_grpc/client.go:74.8,74.37 1 0
gitlab.com/sukharnikov.aa/mail-service-task/internal/adapters/auth_grpc/client.go:74.37,77.3 2 0
gitlab.com/sukharnikov.aa/mail-service-task/internal/adapters/auth_grpc/client.go:77.8,77.35 1 0
gitlab.com/sukharnikov.aa/mail-service-task/internal/adapters/auth_grpc/client.go:77.35,80.3 2 0
gitlab.com/sukharnikov.aa/mail-service-task/internal/adapters/auth_grpc/client.go:80.8,83.3 2 0
gitlab.com/sukharnikov.aa/mail-service-task/internal/domain/task/validate_auth.go:9.110,11.2 1 0
gitlab.com/sukharnikov.aa/mail-service-task/internal/domain/task/task.go:25.127,34.23 2 1
gitlab.com/sukharnikov.aa/mail-service-task/internal/domain/task/task.go:37.2,37.10 1 1
gitlab.com/sukharnikov.aa/mail-service-task/internal/domain/task/task.go:34.23,36.3 1 1
gitlab.com/sukharnikov.aa/mail-service-task/internal/domain/task/task.go:40.75,50.2 4 1
gitlab.com/sukharnikov.aa/mail-service-task/internal/domain/task/task.go:52.92,54.44 2 1
gitlab.com/sukharnikov.aa/mail-service-task/internal/domain/task/task.go:59.2,62.39 4 1
gitlab.com/sukharnikov.aa/mail-service-task/internal/domain/task/task.go:65.2,70.16 5 1
gitlab.com/sukharnikov.aa/mail-service-task/internal/domain/task/task.go:75.2,81.22 2 1
gitlab.com/sukharnikov.aa/mail-service-task/internal/domain/task/task.go:54.44,57.3 2 1
gitlab.com/sukharnikov.aa/mail-service-task/internal/domain/task/task.go:62.39,64.3 1 1
gitlab.com/sukharnikov.aa/mail-service-task/internal/domain/task/task.go:70.16,73.3 2 1
gitlab.com/sukharnikov.aa/mail-service-task/internal/domain/task/task.go:84.56,85.27 1 1
gitlab.com/sukharnikov.aa/mail-service-task/internal/domain/task/task.go:88.2,88.36 1 1
gitlab.com/sukharnikov.aa/mail-service-task/internal/domain/task/task.go:93.2,93.12 1 1
gitlab.com/sukharnikov.aa/mail-service-task/internal/domain/task/task.go:85.27,87.3 1 1
gitlab.com/sukharnikov.aa/mail-service-task/internal/domain/task/task.go:88.36,89.47 1 1
gitlab.com/sukharnikov.aa/mail-service-task/internal/domain/task/task.go:89.47,91.4 1 1
gitlab.com/sukharnikov.aa/mail-service-task/internal/domain/task/task.go:96.52,99.28 3 1
gitlab.com/sukharnikov.aa/mail-service-task/internal/domain/task/task.go:102.2,102.12 1 1
gitlab.com/sukharnikov.aa/mail-service-task/internal/domain/task/task.go:99.28,101.3 1 1
gitlab.com/sukharnikov.aa/mail-service-task/internal/domain/task/task.go:105.86,107.2 1 0
gitlab.com/sukharnikov.aa/mail-service-task/internal/domain/task/task.go:109.95,111.44 2 1
gitlab.com/sukharnikov.aa/mail-service-task/internal/domain/task/task.go:116.2,118.16 3 1
gitlab.com/sukharnikov.aa/mail-service-task/internal/domain/task/task.go:122.2,122.42 1 1
gitlab.com/sukharnikov.aa/mail-service-task/internal/domain/task/task.go:127.2,128.39 2 1
gitlab.com/sukharnikov.aa/mail-service-task/internal/domain/task/task.go:131.2,137.16 6 1
gitlab.com/sukharnikov.aa/mail-service-task/internal/domain/task/task.go:142.2,152.12 3 1
gitlab.com/sukharnikov.aa/mail-service-task/internal/domain/task/task.go:111.44,114.3 2 0
gitlab.com/sukharnikov.aa/mail-service-task/internal/domain/task/task.go:118.16,121.3 2 0
gitlab.com/sukharnikov.aa/mail-service-task/internal/domain/task/task.go:122.42,125.3 2 1
gitlab.com/sukharnikov.aa/mail-service-task/internal/domain/task/task.go:128.39,130.3 1 1
gitlab.com/sukharnikov.aa/mail-service-task/internal/domain/task/task.go:137.16,140.3 2 0
gitlab.com/sukharnikov.aa/mail-service-task/internal/domain/task/task.go:155.92,159.16 3 0
gitlab.com/sukharnikov.aa/mail-service-task/internal/domain/task/task.go:163.2,163.39 1 0
gitlab.com/sukharnikov.aa/mail-service-task/internal/domain/task/task.go:168.2,169.16 2 0
gitlab.com/sukharnikov.aa/mail-service-task/internal/domain/task/task.go:174.2,180.12 2 0
gitlab.com/sukharnikov.aa/mail-service-task/internal/domain/task/task.go:159.16,162.3 2 0
gitlab.com/sukharnikov.aa/mail-service-task/internal/domain/task/task.go:163.39,166.3 2 0
gitlab.com/sukharnikov.aa/mail-service-task/internal/domain/task/task.go:169.16,172.3 2 0
gitlab.com/sukharnikov.aa/mail-service-task/internal/domain/task/task.go:183.110,187.16 3 0
gitlab.com/sukharnikov.aa/mail-service-task/internal/domain/task/task.go:192.2,192.56 1 0
gitlab.com/sukharnikov.aa/mail-service-task/internal/domain/task/task.go:197.2,197.27 1 0
gitlab.com/sukharnikov.aa/mail-service-task/internal/domain/task/task.go:205.2,205.16 1 0
gitlab.com/sukharnikov.aa/mail-service-task/internal/domain/task/task.go:210.2,211.16 2 0
gitlab.com/sukharnikov.aa/mail-service-task/internal/domain/task/task.go:216.2,216.12 1 0
gitlab.com/sukharnikov.aa/mail-service-task/internal/domain/task/task.go:187.16,190.3 2 0
gitlab.com/sukharnikov.aa/mail-service-task/internal/domain/task/task.go:192.56,195.3 2 0
gitlab.com/sukharnikov.aa/mail-service-task/internal/domain/task/task.go:197.27,199.3 1 0
gitlab.com/sukharnikov.aa/mail-service-task/internal/domain/task/task.go:199.8,199.34 1 0
gitlab.com/sukharnikov.aa/mail-service-task/internal/domain/task/task.go:199.34,201.3 1 0
gitlab.com/sukharnikov.aa/mail-service-task/internal/domain/task/task.go:201.8,204.3 2 0
gitlab.com/sukharnikov.aa/mail-service-task/internal/domain/task/task.go:205.16,208.3 2 0
gitlab.com/sukharnikov.aa/mail-service-task/internal/domain/task/task.go:211.16,214.3 2 0
gitlab.com/sukharnikov.aa/mail-service-task/internal/domain/task/task.go:219.73,221.46 2 0
gitlab.com/sukharnikov.aa/mail-service-task/internal/domain/task/task.go:238.2,238.12 1 0
gitlab.com/sukharnikov.aa/mail-service-task/internal/domain/task/task.go:221.46,228.3 2 0
gitlab.com/sukharnikov.aa/mail-service-task/internal/domain/task/task.go:228.8,229.28 1 0
gitlab.com/sukharnikov.aa/mail-service-task/internal/domain/task/task.go:232.3,236.5 1 0
gitlab.com/sukharnikov.aa/mail-service-task/internal/domain/task/task.go:229.28,231.4 1 0
gitlab.com/sukharnikov.aa/mail-service-task/internal/domain/task/task.go:241.73,249.2 3 0
gitlab.com/sukharnikov.aa/mail-service-task/internal/domain/task/task.go:251.91,257.2 4 1
gitlab.com/sukharnikov.aa/mail-service-task/internal/domain/task/task.go:259.77,261.2 1 1
gitlab.com/sukharnikov.aa/mail-service-task/internal/domain/task/task.go:263.76,265.2 1 1
gitlab.com/sukharnikov.aa/mail-service-task/internal/adapters/mongodb/mongo.go:22.130,25.16 3 0
gitlab.com/sukharnikov.aa/mail-service-task/internal/adapters/mongodb/mongo.go:29.2,34.13 1 0
gitlab.com/sukharnikov.aa/mail-service-task/internal/adapters/mongodb/mongo.go:25.16,28.3 2 0
gitlab.com/sukharnikov.aa/mail-service-task/internal/adapters/mongodb/mongo.go:34.13,36.4 1 0
gitlab.com/sukharnikov.aa/mail-service-task/internal/adapters/mongodb/mongo.go:39.77,49.2 4 0
gitlab.com/sukharnikov.aa/mail-service-task/internal/adapters/mongodb/mongo.go:51.78,56.16 4 0
gitlab.com/sukharnikov.aa/mail-service-task/internal/adapters/mongodb/mongo.go:61.2,61.12 1 0
gitlab.com/sukharnikov.aa/mail-service-task/internal/adapters/mongodb/mongo.go:56.16,59.3 2 0
gitlab.com/sukharnikov.aa/mail-service-task/internal/adapters/mongodb/mongo.go:64.88,70.16 5 0
gitlab.com/sukharnikov.aa/mail-service-task/internal/adapters/mongodb/mongo.go:75.2,75.19 1 0
gitlab.com/sukharnikov.aa/mail-service-task/internal/adapters/mongodb/mongo.go:70.16,73.3 2 0
gitlab.com/sukharnikov.aa/mail-service-task/internal/adapters/mongodb/mongo.go:78.78,83.16 4 0
gitlab.com/sukharnikov.aa/mail-service-task/internal/adapters/mongodb/mongo.go:87.2,87.37 1 0
gitlab.com/sukharnikov.aa/mail-service-task/internal/adapters/mongodb/mongo.go:92.2,92.12 1 0
gitlab.com/sukharnikov.aa/mail-service-task/internal/adapters/mongodb/mongo.go:83.16,86.3 2 0
gitlab.com/sukharnikov.aa/mail-service-task/internal/adapters/mongodb/mongo.go:87.37,90.3 2 0
gitlab.com/sukharnikov.aa/mail-service-task/internal/adapters/mongodb/mongo.go:95.75,100.16 4 0
gitlab.com/sukharnikov.aa/mail-service-task/internal/adapters/mongodb/mongo.go:104.2,104.37 1 0
gitlab.com/sukharnikov.aa/mail-service-task/internal/adapters/mongodb/mongo.go:109.2,109.12 1 0
gitlab.com/sukharnikov.aa/mail-service-task/internal/adapters/mongodb/mongo.go:100.16,103.3 2 0
gitlab.com/sukharnikov.aa/mail-service-task/internal/adapters/mongodb/mongo.go:104.37,107.3 2 0
